d:\zh\project\c++\rp1210app\rp1210app\debug\vc140.pdb
d:\zh\project\c++\rp1210app\rp1210app\debug\rp1210window.obj
d:\zh\project\c++\rp1210app\rp1210app\debug\rp1210protocolmodel.obj
d:\zh\project\c++\rp1210app\rp1210app\debug\rp1210inidata.obj
d:\zh\project\c++\rp1210app\rp1210app\debug\rp1210devicemodel.obj
d:\zh\project\c++\rp1210app\rp1210app\debug\rp1210core.obj
d:\zh\project\c++\rp1210app\rp1210app\debug\main.obj
d:\zh\project\c++\rp1210app\rp1210app\debug\moc_rp1210window.obj
d:\zh\project\c++\rp1210app\rp1210app\debug\moc_rp1210protocolmodel.obj
d:\zh\project\c++\rp1210app\rp1210app\debug\moc_rp1210inidata.obj
d:\zh\project\c++\rp1210app\rp1210app\debug\moc_rp1210devicemodel.obj
d:\zh\project\c++\rp1210app\rp1210app\debug\moc_rp1210core.obj
d:\zh\project\c++\rp1210app\rp1210app\debug\qrc_rp1210window.obj
d:\zh\project\c++\rp1210app\rp1210app\generatedfiles\debug\moc_rp1210window.cpp
d:\zh\project\c++\rp1210app\rp1210app\generatedfiles\ui_rp1210window.h
d:\zh\project\c++\rp1210app\rp1210app\generatedfiles\debug\moc_rp1210protocolmodel.cpp
d:\zh\project\c++\rp1210app\rp1210app\generatedfiles\debug\moc_rp1210devicemodel.cpp
d:\zh\project\c++\rp1210app\rp1210app\generatedfiles\debug\moc_rp1210inidata.cpp
d:\zh\project\c++\rp1210app\rp1210app\generatedfiles\debug\moc_rp1210core.cpp
d:\zh\project\c++\rp1210app\rp1210app\generatedfiles\qrc_rp1210window.cpp
d:\zh\project\c++\rp1210app\win32\debug\rp1210app.ilk
d:\zh\project\c++\rp1210app\win32\debug\rp1210app.exe
d:\zh\project\c++\rp1210app\win32\debug\rp1210app.pdb
d:\zh\project\c++\rp1210app\rp1210app\debug\rp1210app.tlog\cl.command.1.tlog
d:\zh\project\c++\rp1210app\rp1210app\debug\rp1210app.tlog\cl.read.1.tlog
d:\zh\project\c++\rp1210app\rp1210app\debug\rp1210app.tlog\cl.write.1.tlog
d:\zh\project\c++\rp1210app\rp1210app\debug\rp1210app.tlog\custombuild.command.1.tlog
d:\zh\project\c++\rp1210app\rp1210app\debug\rp1210app.tlog\custombuild.read.1.tlog
d:\zh\project\c++\rp1210app\rp1210app\debug\rp1210app.tlog\custombuild.write.1.tlog
d:\zh\project\c++\rp1210app\rp1210app\debug\rp1210app.tlog\link.command.1.tlog
d:\zh\project\c++\rp1210app\rp1210app\debug\rp1210app.tlog\link.read.1.tlog
d:\zh\project\c++\rp1210app\rp1210app\debug\rp1210app.tlog\link.write.1.tlog
